Построение начато 05.10.2017 16:00:18.
     1>Проект "C:\Users\zwetkov\Documents\Visual Studio 2012\Projects\Bird\Bird\Bird.vcxproj" в узле 2 (целевые объекты Build).
     1>ClCompile:
         C:\Program Files (x86)\Microsoft Visual Studio 11.0\VC\bin\CL.exe /c /I"C:\SFML-2.4.2\include" /ZI /nologo /W3 /WX- /Od /Oy- /D SFML_DYNAMIC /D WIN32 /D _DEBUG /D _CONSOLE /D _UNICODE /D UNICODE /Gm /EHsc /RTC1 /MDd /GS /fp:precise /Zc:wchar_t /Zc:forScope /Fo"Debug\\" /Fd"Debug\vc110.pdb" /Gd /TP /analyze- /errorReport:prompt main.cpp
         main.cpp
     1>c:\users\zwetkov\documents\visual studio 2012\projects\bird\bird\main.cpp(41): warning C4244: return: преобразование "float" в "int", возможна потеря данных
     1>c:\users\zwetkov\documents\visual studio 2012\projects\bird\bird\main.cpp(60): warning C4244: аргумент: преобразование "time_t" в "unsigned int", возможна потеря данных
     1>c:\users\zwetkov\documents\visual studio 2012\projects\bird\bird\main.cpp(63): warning C4305: инициализация: усечение из "double" к "float"
     1>c:\users\zwetkov\documents\visual studio 2012\projects\bird\bird\main.cpp(68): warning C4244: аргумент: преобразование "double" в "sf::Int64", возможна потеря данных
     1>c:\users\zwetkov\documents\visual studio 2012\projects\bird\bird\main.cpp(72): warning C4244: =: преобразование "int" в "float", возможна потеря данных
     1>c:\users\zwetkov\documents\visual studio 2012\projects\bird\bird\main.cpp(77): warning C4996: 'sf::Text::setColor': объявлен deprecate
                 c:\sfml-2.4.2\include\sfml\graphics\text.hpp(177): см. объявление "sf::Text::setColor"
     1>c:\users\zwetkov\documents\visual studio 2012\projects\bird\bird\main.cpp(80): warning C4996: 'sf::Text::setColor': объявлен deprecate
                 c:\sfml-2.4.2\include\sfml\graphics\text.hpp(177): см. объявление "sf::Text::setColor"
     1>c:\users\zwetkov\documents\visual studio 2012\projects\bird\bird\main.cpp(84): warning C4244: аргумент: преобразование "int" в "float", возможна потеря данных
     1>c:\users\zwetkov\documents\visual studio 2012\projects\bird\bird\main.cpp(90): warning C4305: аргумент: усечение из "double" к "float"
     1>c:\users\zwetkov\documents\visual studio 2012\projects\bird\bird\main.cpp(110): warning C4996: 'sf::Text::setColor': объявлен deprecate
                 c:\sfml-2.4.2\include\sfml\graphics\text.hpp(177): см. объявление "sf::Text::setColor"
     1>c:\users\zwetkov\documents\visual studio 2012\projects\bird\bird\main.cpp(112): warning C4244: инициализация: преобразование "sf::Int64" в "float", возможна потеря данных
     1>c:\users\zwetkov\documents\visual studio 2012\projects\bird\bird\main.cpp(136): warning C4244: =: преобразование "double" в "float", возможна потеря данных
     1>c:\users\zwetkov\documents\visual studio 2012\projects\bird\bird\main.cpp(136): warning C4244: аргумент: преобразование "int" в "float", возможна потеря данных
     1>c:\users\zwetkov\documents\visual studio 2012\projects\bird\bird\main.cpp(138): warning C4244: =: преобразование "double" в "float", возможна потеря данных
     1>c:\users\zwetkov\documents\visual studio 2012\projects\bird\bird\main.cpp(139): warning C4244: =: преобразование "int" в "float", возможна потеря данных
     1>c:\users\zwetkov\documents\visual studio 2012\projects\bird\bird\main.cpp(144): warning C4244: =: преобразование "double" в "float", возможна потеря данных
     1>c:\users\zwetkov\documents\visual studio 2012\projects\bird\bird\main.cpp(144): warning C4244: аргумент: преобразование "int" в "float", возможна потеря данных
     1>c:\users\zwetkov\documents\visual studio 2012\projects\bird\bird\main.cpp(145): warning C4244: =: преобразование "double" в "float", возможна потеря данных
     1>c:\users\zwetkov\documents\visual studio 2012\projects\bird\bird\main.cpp(145): warning C4244: аргумент: преобразование "int" в "float", возможна потеря данных
     1>c:\users\zwetkov\documents\visual studio 2012\projects\bird\bird\main.cpp(149): warning C4244: =: преобразование "double" в "float", возможна потеря данных
     1>c:\users\zwetkov\documents\visual studio 2012\projects\bird\bird\main.cpp(150): warning C4244: =: преобразование "double" в "float", возможна потеря данных
     1>c:\users\zwetkov\documents\visual studio 2012\projects\bird\bird\main.cpp(153): warning C4244: аргумент: преобразование "double" в "int", возможна потеря данных
     1>c:\users\zwetkov\documents\visual studio 2012\projects\bird\bird\main.cpp(154): warning C4244: +=: преобразование "double" в "float", возможна потеря данных
     1>c:\users\zwetkov\documents\visual studio 2012\projects\bird\bird\main.cpp(156): warning C4244: =: преобразование "double" в "float", возможна потеря данных
     1>c:\users\zwetkov\documents\visual studio 2012\projects\bird\bird\main.cpp(158): warning C4244: =: преобразование "double" в "float", возможна потеря данных
     1>c:\users\zwetkov\documents\visual studio 2012\projects\bird\bird\main.cpp(163): warning C4244: +=: преобразование "double" в "float", возможна потеря данных
     1>c:\users\zwetkov\documents\visual studio 2012\projects\bird\bird\main.cpp(212): warning C4996: 'sf::Text::setColor': объявлен deprecate
                 c:\sfml-2.4.2\include\sfml\graphics\text.hpp(177): см. объявление "sf::Text::setColor"
     1>c:\users\zwetkov\documents\visual studio 2012\projects\bird\bird\main.cpp(237): warning C4244: аргумент: преобразование "int" в "float", возможна потеря данных
       Link:
         C:\Program Files (x86)\Microsoft Visual Studio 11.0\VC\bin\link.exe /ERRORREPORT:PROMPT /OUT:"C:\Users\zwetkov\Documents\Visual Studio 2012\Projects\Bird\Debug\Bird.exe" /INCREMENTAL /NOLOGO /LIBPATH:"C:\SFML-2.4.2\lib" "sfml-graphics-d.lib" "sfml-window-d.lib" "sfml-system-d.lib" kernel32.lib user32.lib gdi32.lib winspool.lib comdlg32.lib advapi32.lib shell32.lib ole32.lib oleaut32.lib uuid.lib odbc32.lib odbccp32.lib kernel32.lib user32.lib gdi32.lib winspool.lib comdlg32.lib advapi32.lib shell32.lib ole32.lib oleaut32.lib uuid.lib odbc32.lib odbccp32.lib /MANIFEST /MANIFESTUAC:"level='asInvoker' uiAccess='false'" /manifest:embed /DEBUG /PDB:"C:\Users\zwetkov\Documents\Visual Studio 2012\Projects\Bird\Debug\Bird.pdb" /SUBSYSTEM:CONSOLE /TLBID:1 /DYNAMICBASE /NXCOMPAT /IMPLIB:"C:\Users\zwetkov\Documents\Visual Studio 2012\Projects\Bird\Debug\Bird.lib" /MACHINE:X86 Debug\main.obj
         Bird.vcxproj -> C:\Users\zwetkov\Documents\Visual Studio 2012\Projects\Bird\Debug\Bird.exe
     1>Построение проекта "C:\Users\zwetkov\Documents\Visual Studio 2012\Projects\Bird\Bird\Bird.vcxproj" завершено (целевые объекты Build).

Построение успешно завершено.

Затраченное время: 00:00:02.24
